<?xml version="1.0" encoding="UTF-8" ?>
<testsuite failures="0" time="0.048" errors="0" skipped="0" tests="11" name="com.citi.exercise.epizza.PizzaBuilderTest">
  <properties>
[...]
</properties>
  <testcase time="0" classname="com.citi.exercise.epizza.PizzaBuilderTest" name="testNoExtraChargesForSauce"/>
  <testcase time="0.016" classname="com.citi.exercise.epizza.PizzaBuilderTest" name="testBuildLargePanCrustMargarita2ToppingCreamDoublePizza"/>
  <testcase time="0" classname="com.citi.exercise.epizza.PizzaBuilderTest" name="testBuildSmallNormalCrustMargarita3ToppingMozzarellaPizza"/>
  <testcase time="0" classname="com.citi.exercise.epizza.PizzaBuilderTest" name="testFirstTwoToppingsFreeOfCost"/>
  <testcase time="0" classname="com.citi.exercise.epizza.PizzaBuilderTest" name="testPizzaPriceWithNoDoubleCheese"/>
  <testcase time="0" classname="com.citi.exercise.epizza.PizzaBuilderTest" name="testPizzaPriceWithDoubleCheese"/>
  <testcase time="0" classname="com.citi.exercise.epizza.PizzaBuilderTest" name="testCrustPricesForLargeSizeOfPizza"/>
  <testcase time="0" classname="com.citi.exercise.epizza.PizzaBuilderTest" name="testPriceForPizzaWithAllToppings"/>
  <testcase time="0" classname="com.citi.exercise.epizza.PizzaBuilderTest" name="testCrustPricesForMediumSizeOfPizza"/>
  <testcase time="0" classname="com.citi.exercise.epizza.PizzaBuilderTest" name="testCrustPricesForSmallSizeOfPizza"/>
  <testcase time="0" classname="com.citi.exercise.epizza.PizzaBuilderTest" name="testPriceForPizzaWithThreeToppings"/>
</testsuite>